<?xml version="1.0" encoding="UTF-8"?>
<!-- Generated by org.testng.reporters.JUnitReportReporter -->
<testsuite hostname="mdivya-lp" failures="0" tests="1" name="com.cucumberrunner.FailedScenarioRunner" time="20.696" errors="0" timestamp="2024-12-11T17:47:37 IST" skipped="0">
  <testcase classname="com.cucumberrunner.FailedScenarioRunner" name="runScenario" time="20.696"/>
  <system-out/>
</testsuite> <!-- com.cucumberrunner.FailedScenarioRunner -->
